<?xml version="1.0" encoding="UTF-8" ?>
<testsuite errors="0" skipped="0" tests="5" time="0.016" failures="0" name="org.apache.maven.plugin.dependency.utils.filters.TestGroupIdFilter">
  <properties>
[...]
</properties>
  <testcase time="0.094" name="testNullFilters"/>
  <testcase time="0" name="testArtifactFilter"/>
  <testcase time="0.016" name="testMarkerFile"/>
  <testcase time="0" name="testSetMarker"/>
  <testcase time="0.016" name="testMarkerTimeStamp"/>
  <testcase time="0.015" name="testMarkerFileException"/>
  <testcase time="0" name="testGetterSetter"/>
  <testcase time="0" name="testNullParent"/>
  <testcase time="1.64" name="testArtifactNotFound"/>
  <testcase time="0.375" name="testArtifactResolutionException"/>
  <testcase time="0.641" name="testCDMClassifier"/>
  <testcase time="0.484" name="testCDMType"/>
  <testcase time="0.594" name="testCDMClassifierType"/>
  <testcase time="1.469" name="testDontOverWriteRelease"/>
  <testcase time="1.531" name="testOverWriteRelease"/>
  <testcase time="1.453" name="testDontOverWriteSnap"/>
  <testcase time="1.437" name="testOverWriteSnap"/>
  <testcase time="0.391" name="testUnpackDependenciesMojo"/>
  <testcase time="0.328" name="testUnpackDependenciesMojoNoTransitive"/>
  <testcase time="0.453" name="testUnpackDependenciesMojoExcludeType"/>
  <testcase time="0.453" name="testUnpackDependenciesMojoExcludeProvidedScope"/>
  <testcase time="0.407" name="testUnpackDependenciesMojoExcludeSystemScope"/>
  <testcase time="0.406" name="testUnpackDependenciesMojoExcludeCompileScope"/>
  <testcase time="0.359" name="testUnpackDependenciesMojoExcludeTestScope"/>
  <testcase time="0.407" name="testUnpackDependenciesMojoExcludeRuntimeScope"/>
  <testcase time="0.39" name="testUnpackDependenciesMojoIncludeType"/>
  <testcase time="0.625" name="testUnpackDependenciesMojoSubPerType"/>
  <testcase time="0.516" name="testUnpackDependenciesMojoSubPerArtifact"/>
  <testcase time="0.359" name="testUnpackDependenciesMojoSubPerArtifactAndType"/>
  <testcase time="0.594" name="testUnpackDependenciesMojoSubPerArtifactRemoveVersion"/>
  <testcase time="0.516" name="testUnpackDependenciesMojoSubPerArtifactAndTypeRemoveVersion"/>
  <testcase time="0.484" name="testUnpackDependenciesMojoIncludeCompileScope"/>
  <testcase time="0.453" name="testUnpackDependenciesMojoIncludeTestScope"/>
  <testcase time="0.531" name="testUnpackDependenciesMojoIncludeRuntimeScope"/>
  <testcase time="0.407" name="testUnpackDependenciesMojoIncludeprovidedScope"/>
  <testcase time="0.453" name="testUnpackDependenciesMojoIncludesystemScope"/>
  <testcase time="0.39" name="testUnpackDependenciesMojoIncludeArtifactId"/>
  <testcase time="0.719" name="testUnpackDependenciesMojoExcludeArtifactId"/>
  <testcase time="0.922" name="testUnpackDependenciesMojoExcludeGroupId"/>
  <testcase time="0.922" name="testUnpackDependenciesMojoIncludeGroupId"/>
  <testcase time="2.297" name="testOverWriteIfNewer"/>
  <testcase time="0" name="testGettersSetters"/>
  <testcase time="0" name="testMarkerFile"/>
  <testcase time="0" name="testMarkerSnapshots"/>
  <testcase time="0.016" name="testMarkerRelease"/>
  <testcase time="0.016" name="testMarkerTimestamp"/>
  <testcase time="0" name="testParsing"/>
  <testcase time="0" name="testFiltering"/>
  <testcase time="0" name="testFiltering2"/>
  <testcase time="0" name="testFiltering3"/>
  <testcase time="0" name="testFiltering"/>
  <testcase time="0" name="testFiltering2"/>
  <testcase time="0" name="testFiltering3"/>
  <testcase time="0" name="testTypeParsing"/>
  <testcase time="0.015" name="testResolveFile"/>
  <testcase time="0.094" name="testGetterSetter"/>
  <testcase time="0.093" name="testNullClassifier"/>
  <testcase time="0.094" name="testEmptyClassifier"/>
  <testcase time="0.11" name="testNullType"/>
  <testcase time="0.093" name="testEmptyType"/>
  <testcase time="0.078" name="testClassifierAndType"/>
  <testcase time="0" name="testParsing"/>
  <testcase time="0" name="testFiltering"/>
  <testcase time="0" name="testFiltering2"/>
  <testcase time="0" name="testFiltering3"/>
  <testcase time="0.203" name="testCopyFile"/>
  <testcase time="0.234" name="testArtifactNotFound"/>
  <testcase time="0.203" name="testArtifactResolutionException"/>
  <testcase time="0.25" name="testCopyDependenciesMojo"/>
  <testcase time="0.25" name="testCopyDependenciesMojoStripVersion"/>
  <testcase time="0.219" name="testCopyDependenciesMojoNoTransitive"/>
  <testcase time="0.234" name="testCopyDependenciesMojoExcludeType"/>
  <testcase time="0.219" name="testCopyDependenciesMojoIncludeType"/>
  <testcase time="0.235" name="testCopyDependenciesMojoExcludeArtifactId"/>
  <testcase time="0.218" name="testCopyDependenciesMojoIncludeArtifactId"/>
  <testcase time="0.235" name="testCopyDependenciesMojoIncludeGroupId"/>
  <testcase time="0.218" name="testCopyDependenciesMojoExcludeGroupId"/>
  <testcase time="0.219" name="testCopyDependenciesMojoExcludeClassifier"/>
  <testcase time="0.219" name="testCopyDependenciesMojoIncludeClassifier"/>
  <testcase time="0.266" name="testCopyDependenciesMojoSubPerType"/>
  <testcase time="0.312" name="testCopyDependenciesMojoSubPerArtifact"/>
  <testcase time="0.313" name="testCopyDependenciesMojoSubPerArtifactAndType"/>
  <testcase time="0.296" name="testCopyDependenciesMojoSubPerArtifactRemoveVersion"/>
  <testcase time="0.313" name="testCopyDependenciesMojoSubPerArtifactAndTypeRemoveVersion"/>
  <testcase time="0.25" name="testCDMClassifier"/>
  <testcase time="0.234" name="testCDMType"/>
  <testcase time="0.235" name="testCDMClassifierType"/>
  <testcase time="0.687" name="testDontOverWriteRelease"/>
  <testcase time="1.313" name="testOverWriteRelease"/>
  <testcase time="0.422" name="testDontOverWriteSnap"/>
  <testcase time="1.328" name="testOverWriteSnap"/>
  <testcase time="0.203" name="testGetDependencies"/>
  <testcase time="0.234" name="testCopyDependenciesMojoExcludeProvidedScope"/>
  <testcase time="0.219" name="testCopyDependenciesMojoExcludeSystemScope"/>
  <testcase time="0.484" name="testCopyDependenciesMojoExcludeCompileScope"/>
  <testcase time="0.532" name="testCopyDependenciesMojoExcludeTestScope"/>
  <testcase time="0.5" name="testCopyDependenciesMojoExcludeRuntimeScope"/>
  <testcase time="0.015" name="testMarkerFile"/>
  <testcase time="0" name="testMarkerFileException"/>
  <testcase time="0" name="testNullParent"/>
  <testcase time="0.016" name="testSetMarkerResolved"/>
  <testcase time="0.015" name="testSetMarkerUnresolved"/>
  <testcase time="0" name="testBothMarkers"/>
  <testcase time="0" name="testMarkerTimeStampResolved"/>
  <testcase time="0.032" name="testMarkerTimeStampUnResolved"/>
  <testcase time="0" name="testMarkerFileResolvedSetter"/>
  <testcase time="0" name="testNullParentResolved"/>
  <testcase time="0" name="testLog"/>
  <testcase time="0" name="testLogger"/>
  <testcase time="0.204" name="testEnvironment"/>
  <testcase time="0.203" name="testresolveTestEnvironment"/>
  <testcase time="0.172" name="testSilent"/>
  <testcase time="0" name="testAll"/>
  <testcase time="0.016" name="testExclude"/>
  <testcase time="0" name="testScopeCompile"/>
  <testcase time="0" name="testScopeRuntime"/>
  <testcase time="0" name="testScopeTest"/>
  <testcase time="0" name="testScopeProvided"/>
  <testcase time="0" name="testScopeSystem"/>
  <testcase time="0" name="testScopeFilterNull"/>
  <testcase time="0" name="testScopeFilterEmpty"/>
  <testcase time="0" name="testExcludeProvided"/>
  <testcase time="0" name="testExcludeSystem"/>
  <testcase time="0" name="testExcludeCompile"/>
  <testcase time="0" name="testExcludeTest"/>
  <testcase time="0" name="testBadScope"/>
  <testcase time="0" name="testSettersGetters"/>
  <testcase time="0.078" name="testArtifactItemConstructor"/>
  <testcase time="0.094" name="testArtifactItemDefaultType"/>
  <testcase time="0.094" name="testDependencyStatusSettersGetters"/>
  <testcase time="0.093" name="testDependencyStatusConstructor"/>
  <testcase time="0.125" name="testDependencyStatusLog"/>
  <testcase time="0.094" name="testDependencyStatusLogNullFiles"/>
  <testcase time="0.094" name="testDependencyStatusEmptySet"/>
  <testcase time="0" name="testDirectoryName"/>
  <testcase time="0" name="testDirectoryName2"/>
  <testcase time="0" name="testDirectoryNameSources"/>
  <testcase time="0" name="testFileName"/>
  <testcase time="0" name="testTestJar"/>
  <testcase time="0" name="testFileNameClassifier"/>
  <testcase time="0" name="testFileNameClassifierWithFile"/>
  <testcase time="0.203" name="testGetArtifactItems"/>
  <testcase time="0.219" name="testMojoDefaults"/>
  <testcase time="0.234" name="testCopyFile"/>
  <testcase time="0.219" name="testCopyToLocation"/>
  <testcase time="0.219" name="testCopyStripVersionSetInMojo"/>
  <testcase time="0.203" name="testNonClassifierStrip"/>
  <testcase time="0.219" name="testNonClassifierNoStrip"/>
  <testcase time="0.203" name="testMissingVersionNotFound"/>
  <testcase time="0.219" name="testMissingVersionFromDependencies"/>
  <testcase time="0.187" name="testMissingVersionFromDependenciesWithClassifier"/>
  <testcase time="0.219" name="testMissingVersionFromDependencyMgt"/>
  <testcase time="0.187" name="testMissingVersionFromDependencyMgtWithClassifier"/>
  <testcase time="0.219" name="testArtifactNotFound"/>
  <testcase time="0.188" name="testArtifactResolutionException"/>
  <testcase time="0.187" name="testNoArtifactItems"/>
  <testcase time="0.406" name="testCopyDontOverWriteReleases"/>
  <testcase time="0.438" name="testCopyDontOverWriteSnapshots"/>
  <testcase time="0.234" name="testCopyOverWriteReleases"/>
  <testcase time="0.688" name="testCopyOverWriteSnapshot"/>
  <testcase time="0.219" name="testCopyOverWriteIfNewer"/>
  <testcase time="0" name="testDestFileRelease"/>
  <testcase time="0.016" name="testDestFileSnapshot"/>
  <testcase time="0" name="testDestFileStripVersion"/>
  <testcase time="0.031" name="testDestFileSubPerArtifact"/>
  <testcase time="0" name="testDestFileSubPerType"/>
  <testcase time="0.016" name="testDestFileOverwriteIfNewer"/>
  <testcase time="0" name="testGettersSetters"/>
  <testcase time="0.235" name="testCopyDependenciesMojoIncludeCompileScope"/>
  <testcase time="0.265" name="testCopyDependenciesMojoIncludeTestScope"/>
  <testcase time="0.235" name="testCopyDependenciesMojoIncludeRuntimeScope"/>
  <testcase time="0.234" name="testCopyDependenciesMojoIncludeprovidedScope"/>
  <testcase time="0.281" name="testCopyDependenciesMojoIncludesystemScope"/>
  <testcase time="0.219" name="testGetArtifactItems"/>
  <testcase time="0.187" name="testMissingVersionNotFound"/>
  <testcase time="0.235" name="testMissingVersionFromDependencies"/>
  <testcase time="0.234" name="testMissingVersionFromDependenciesWithClassifier"/>
  <testcase time="0.344" name="testMissingVersionFromDependencyMgt"/>
  <testcase time="1.015" name="testMissingVersionFromDependencyMgtWithClassifier"/>
  <testcase time="0.828" name="testArtifactNotFound"/>
  <testcase time="0.204" name="testArtifactResolutionException"/>
  <testcase time="0.187" name="testNoArtifactItems"/>
  <testcase time="0.313" name="testUnpackFile"/>
  <testcase time="0.359" name="testUnpackToLocation"/>
  <testcase time="0.344" name="testUnpackDontOverWriteReleases"/>
  <testcase time="0.406" name="testUnpackDontOverWriteSnapshots"/>
  <testcase time="0.547" name="testUnpackOverWriteReleases"/>
  <testcase time="0.359" name="testUnpackOverWriteSnapshot"/>
  <testcase time="0.344" name="testUnpackOverWriteIfNewer"/>
  <testcase time="0" name="testParsing"/>
  <testcase time="0" name="testFiltering"/>
  <testcase time="0" name="testFiltering2"/>
  <testcase time="0" name="testFiltering3"/>
  <testcase time="0" name="testFiltering4"/>
</testsuite>