<?xml version="1.0" encoding="UTF-8" ?>
<testsuite errors="0" skipped="0" tests="6" time="0.016" failures="0" name="no.nav.datapower.util.DPPropertiesUtilsTest">
  <properties>
[...]
</properties>
  <testcase time="0" name="testStripWhiteSpaces"/>
  <testcase time="0" name="testSubset"/>
  <testcase time="0" name="testGetSubsetsProperties"/>
  <testcase time="0.016" name="testListSubsetKeys"/>
  <testcase time="0" name="testGetNestedSubsetsPropertiesStringArray"/>
  <testcase time="0" name="testGetNestedSubsetsExtendedPropertiesStringArray"/>
</testsuite>