<?xml version="1.0" encoding="UTF-8" ?>
<testsuite time="0.61" errors="0" name="no.nav.maven.plugins.GenerateConfigMojoTest" failures="1" tests="1" skipped="0">
  <properties>
[...]
</properties>
  <testcase time="0.562" name="testExecute">
    <failure type="junit.framework.AssertionFailedError" message="Caught MojoExecutionException">junit.framework.AssertionFailedError: Caught MojoExecutionException
	at junit.framework.Assert.fail(Assert.java:47)
	at no.nav.maven.plugins.GenerateConfigMojoTest.testExecute(GenerateConfigMojoTest.java:51)
	at no.nav.maven.plugins.GenerateConfigMojoTest.testExecute(GenerateConfigMojoTest.java:51)
	at sun.reflect.NativeMethodAccessorImpl.invoke0(Native Method)
	at sun.reflect.NativeMethodAccessorImpl.invoke(NativeMethodAccessorImpl.java:64)
	at sun.reflect.DelegatingMethodAccessorImpl.invoke(DelegatingMethodAccessorImpl.java:43)
	at java.lang.reflect.Method.invoke(Method.java:615)
	at junit.framework.TestCase.runTest(TestCase.java:154)
	at junit.framework.TestCase.runBare(TestCase.java:127)
	at junit.framework.TestResult$1.protect(TestResult.java:106)
	at junit.framework.TestResult.runProtected(TestResult.java:124)
	at junit.framework.TestResult.run(TestResult.java:109)
	at junit.framework.TestCase.run(TestCase.java:118)
	at junit.framework.TestSuite.runTest(TestSuite.java:208)
	at junit.framework.TestSuite.run(TestSuite.java:203)
	at sun.reflect.NativeMethodAccessorImpl.invoke0(Native Method)
	at sun.reflect.NativeMethodAccessorImpl.invoke(NativeMethodAccessorImpl.java:64)
	at sun.reflect.DelegatingMethodAccessorImpl.invoke(DelegatingMethodAccessorImpl.java:43)
	at java.lang.reflect.Method.invoke(Method.java:615)
	at org.apache.maven.surefire.junit.JUnitTestSet.execute(JUnitTestSet.java:213)
	at org.apache.maven.surefire.suite.AbstractDirectoryTestSuite.executeTestSet(AbstractDirectoryTestSuite.java:138)
	at org.apache.maven.surefire.suite.AbstractDirectoryTestSuite.execute(AbstractDirectoryTestSuite.java:125)
	at org.apache.maven.surefire.Surefire.run(Surefire.java:132)
	at sun.reflect.NativeMethodAccessorImpl.invoke0(Native Method)
	at sun.reflect.NativeMethodAccessorImpl.invoke(NativeMethodAccessorImpl.java:64)
	at sun.reflect.DelegatingMethodAccessorImpl.invoke(DelegatingMethodAccessorImpl.java:43)
	at java.lang.reflect.Method.invoke(Method.java:615)
	at org.apache.maven.surefire.booter.SurefireBooter.runSuitesInProcess(SurefireBooter.java:308)
	at org.apache.maven.surefire.booter.SurefireBooter.main(SurefireBooter.java:879)
</failure>
    <system-out>[INFO] PropertiesDirectory = E:\data\builds\BUSTAG_K_2_19_2_Full\src\main\resources\scripts\environments
[INFO] OutputDirectory = E:\data\builds\BUSTAG_K_2_19_2_Full\target\datapower-config\${domain}
[INFO] WsdlDirectory = E:\data\builds\BUSTAG_K_2_19_2_Full\wsdl
[INFO] Properties filename = test-config.cfg.properties
[INFO] Properties file = E:\data\builds\BUSTAG_K_2_19_2_Full\src\main\resources\scripts\environments\test-config.cfg.properties
[INFO] Environment properties:
: Property: aaaPolicyName=LTPAMapping_Intern2Sensitiv
Property: cfgGeneratorName=secgw
Property: frontsideProtocol=https
Property: frontsideLTPAKeyPwd=Test1234
Property: cfgHostname=${cfgDomain}.utv.internsone.local
Property: backsideProtocol=https
Property: backsideLTPAKeyPwd=Test1234
Property: frontsideUserDN=CN=srvpselvt,OU=Systembrukere,OU=Brukere,dc=internsone,dc=local
Property: backsideUserDN=CN=srvpselv,OU=ServiceAccounts,DC=test,DC=local
Property: frontsideSSLKeystorePwd=Test1234
Property: frontsideHandler=${frontsideProtocol}_${frontsideHost}_${frontsidePort}
Property: cfgGeneratorClass=no.nav.datapower.cfg.secgw.SecGWConfigGenerator
Property: cfgProcessingPolicy=PSELVDefaultProcessingPolicy
Property: backsideTrustCertName=Equifax-Secure-CA
Property: frontsidePort=9443
Property: backsidePort=443
Property: backsideTrustCertFile=pubcert:///Equifax-Secure-CA.pem
Property: frontsideSSLKeystoreName=${cfgHostname}
Property: cfgVersion=BUSTAG_2_18_0
Property: cfgEnvironment=u1
Property: frontsideSSLKeystoreFile=cert:///${cfgHostname}.p12
Property: aaaFileName=${aaaPolicyName}.xml
Property: frontsideHost=${cfgHostname}
Property: cfgDomain=secgw-${cfgEnvironment}
Property: backsideHost=tjenestebuss-${cfgEnvironment}.adeo.no
Property: backsideLTPAKeyFile=test.local.ltpa
Property: frontsideLTPAKeyFile=test.internsone.local.ltpa

Generator = secgw
Generators # = java.util.ServiceLoader[no.nav.datapower.config.ConfigGenerator]
</system-out>
  </testcase>
</testsuite>